<?xml version="1.0" encoding="UTF-8"?>
<testsuites name="jest tests" tests="9" failures="0" errors="0" time="41.747">
  <testsuite name="AuthorCreate" errors="0" failures="0" skipped="0" timestamp="2025-03-21T17:02:29" time="29.725" tests="1">
    <testcase classname="AuthorCreate should create an author" name="AuthorCreate should create an author" time="0.007">
    </testcase>
  </testsuite>
  <testsuite name="AuthorEdit" errors="0" failures="0" skipped="0" timestamp="2025-03-21T17:02:29" time="30.793" tests="1">
    <testcase classname="AuthorEdit should edit an author" name="AuthorEdit should edit an author" time="0.008">
    </testcase>
  </testsuite>
  <testsuite name="BookEdit" errors="0" failures="0" skipped="0" timestamp="2025-03-21T17:02:29" time="32.264" tests="1">
    <testcase classname="BookEdit should edit a book" name="BookEdit should edit a book" time="0.006">
    </testcase>
  </testsuite>
  <testsuite name="AuthorDelete" errors="0" failures="0" skipped="0" timestamp="2025-03-21T17:02:29" time="33.956" tests="1">
    <testcase classname="AuthorDelete should delete an author" name="AuthorDelete should delete an author" time="0.008">
    </testcase>
  </testsuite>
  <testsuite name="BookDelete" errors="0" failures="0" skipped="0" timestamp="2025-03-21T17:02:59" time="6.194" tests="1">
    <testcase classname="BookDelete should delete a book" name="BookDelete should delete a book" time="0.002">
    </testcase>
  </testsuite>
  <testsuite name="BookGetById" errors="0" failures="0" skipped="0" timestamp="2025-03-21T17:03:00" time="7.129" tests="1">
    <testcase classname="BookGetById should get a book by id" name="BookGetById should get a book by id" time="0.003">
    </testcase>
  </testsuite>
  <testsuite name="BookCreate" errors="0" failures="0" skipped="0" timestamp="2025-03-21T17:03:01" time="5.955" tests="1">
    <testcase classname="BookCreate should create a book" name="BookCreate should create a book" time="0.001">
    </testcase>
  </testsuite>
  <testsuite name="BookGetAll should return all books" errors="0" failures="0" skipped="0" timestamp="2025-03-21T17:03:05" time="4.574" tests="1">
    <testcase classname="BookGetAll should return all books should return all books" name="BookGetAll should return all books should return all books" time="0.001">
    </testcase>
  </testsuite>
  <testsuite name="AuthorGetAll" errors="0" failures="0" skipped="0" timestamp="2025-03-21T17:03:03" time="7.104" tests="1">
    <testcase classname="AuthorGetAll should return all authors" name="AuthorGetAll should return all authors" time="0">
    </testcase>
  </testsuite>
</testsuites>