<?xml version="1.0" encoding="UTF-8"?>
<testsuites name="jest tests" tests="6" failures="0" errors="0" time="12.178">
  <testsuite name="AuthorGetAll should return all authors" errors="0" failures="0" skipped="0" timestamp="2025-03-11T19:57:54" time="8.025" tests="1">
    <testcase classname="AuthorGetAll should return all authors should return all authors" name="AuthorGetAll should return all authors should return all authors" time="0.019">
    </testcase>
  </testsuite>
  <testsuite name="BookCreate" errors="0" failures="0" skipped="0" timestamp="2025-03-11T19:58:02" time="0.238" tests="1">
    <testcase classname="BookCreate should create a book" name="BookCreate should create a book" time="0.005">
    </testcase>
  </testsuite>
  <testsuite name="BookGetAll should return all books" errors="0" failures="0" skipped="0" timestamp="2025-03-11T19:58:02" time="0.071" tests="1">
    <testcase classname="BookGetAll should return all books should return all books" name="BookGetAll should return all books should return all books" time="0.001">
    </testcase>
  </testsuite>
  <testsuite name="BookDelete" errors="0" failures="0" skipped="0" timestamp="2025-03-11T19:57:54" time="8.822" tests="1">
    <testcase classname="BookDelete should delete a book" name="BookDelete should delete a book" time="0.02">
    </testcase>
  </testsuite>
  <testsuite name="BookEdit" errors="0" failures="0" skipped="0" timestamp="2025-03-11T19:57:55" time="10.64" tests="1">
    <testcase classname="BookEdit should edit a book" name="BookEdit should edit a book" time="0.01">
    </testcase>
  </testsuite>
  <testsuite name="BookGetById" errors="0" failures="0" skipped="0" timestamp="2025-03-11T19:57:54" time="11.266" tests="1">
    <testcase classname="BookGetById should get a book by id" name="BookGetById should get a book by id" time="0.023">
    </testcase>
  </testsuite>
</testsuites>